2025-09-18 17:22:00 | INFO | repo=richrates | action=commit
2025-07-03 08:04:00 | WARN | repo=richrates | action=commit
2025-10-06 20:15:00 | INFO | repo=richrates | action=commit
2025-03-08 19:12:00 | DEBUG | repo=richrates | action=pull
2025-12-26 20:26:00 | WARN | repo=richrates | action=test | passed=true
2025-03-15 11:35:00 | DEBUG | repo=richrates | action=commit
2025-12-18 10:19:00 | WARN | repo=richrates | action=commit
2025-05-21 21:04:00 | WARN | repo=richrates | action=commit
2025-07-05 14:48:00 | INFO | repo=richrates | action=commit
2025-08-07 19:46:00 | WARN | repo=richrates | action=commit
2025-09-04 09:06:00 | WARN | repo=richrates | action=edit | files=1
2025-12-17 07:33:00 | DEBUG | repo=richrates | action=commit
2025-12-08 20:55:00 | DEBUG | repo=richrates | action=test | passed=true
2025-05-13 13:44:00 | INFO | repo=richrates | action=commit
2025-08-18 11:12:00 | DEBUG | repo=richrates | action=commit
2025-02-28 20:14:00 | WARN | repo=richrates | action=commit
2025-05-23 15:53:00 | WARN | repo=richrates | action=commit
2025-04-09 21:19:00 | INFO | repo=richrates | action=test | passed=true
2025-10-05 12:52:00 | WARN | repo=richrates | action=commit
2025-04-15 14:34:00 | DEBUG | repo=richrates | action=commit
2025-04-26 08:10:00 | INFO | repo=richrates | action=commit
2025-10-19 08:54:00 | DEBUG | repo=richrates | action=edit | files=2
2025-12-25 20:36:00 | INFO | repo=richrates | action=commit
2025-01-21 18:13:00 | WARN | repo=richrates | action=commit
2025-06-16 21:21:00 | DEBUG | repo=richrates | action=pull
2025-08-07 11:43:00 | INFO | repo=richrates | action=pull
2025-10-19 11:32:00 | WARN | repo=richrates | action=edit | files=4
2025-05-09 14:19:00 | INFO | repo=richrates | action=commit
2025-02-17 08:08:00 | WARN | repo=richrates | action=commit
2025-04-02 07:59:00 | DEBUG | repo=richrates | action=commit
2025-09-20 07:48:00 | WARN | repo=richrates | action=commit
2025-09-16 18:35:00 | INFO | repo=richrates | action=commit
